<?xml version="1.0" encoding="UTF-8"?>
<!-- Generated by org.testng.reporters.JUnitXMLReporter -->
<testsuite ignored="0" hostname="SIPL92" failures="0" tests="1" name="CR46" time="0.06" errors="0" timestamp="2022-05-20T19:03:25 IST">
  <testcase classname="CR46.CR46" name="@BeforeSuite startUp" time="0.016">
    <failure type="java.io.FileNotFoundException" message=".\src\config.properties (The system cannot find the file specified)">
      <![CDATA[java.io.FileNotFoundException: .\src\config.properties (The system cannot find the file specified)
at java.base/java.io.FileInputStream.open0(Native Method)
at java.base/java.io.FileInputStream.open(FileInputStream.java:211)
at java.base/java.io.FileInputStream.<init>(FileInputStream.java:153)
at java.base/java.io.FileInputStream.<init>(FileInputStream.java:108)
at CR46.CR46.startUp(CR46.java:35)
... Removed 19 stack frames]]>
    </failure>
  </testcase> <!-- @BeforeSuite startUp -->
  <testcase classname="CR46.CR46" name="cr46" time="0.0">
    <skipped/>
  </testcase> <!-- cr46 -->
</testsuite> <!-- CR46 -->
